2024-03-26 21:27:42,487 INFO o.a.j.u.JMeterUtils: Setting Locale to en_EN
2024-03-26 21:27:42,515 INFO o.a.j.JMeter: Loading user properties from: /home/jefferson/bin/apache-jmeter/bin/user.properties
2024-03-26 21:27:42,515 INFO o.a.j.JMeter: Loading system properties from: system.properties
2024-03-26 21:27:42,523 INFO o.a.j.JMeter: Copyright (c) 1998-2024 The Apache Software Foundation
2024-03-26 21:27:42,523 INFO o.a.j.JMeter: Version 5.6.3
2024-03-26 21:27:42,524 INFO o.a.j.JMeter: java.version=17.0.10
2024-03-26 21:27:42,524 INFO o.a.j.JMeter: java.vm.name=OpenJDK 64-Bit Server VM
2024-03-26 21:27:42,524 INFO o.a.j.JMeter: os.name=Linux
2024-03-26 21:27:42,524 INFO o.a.j.JMeter: os.arch=amd64
2024-03-26 21:27:42,524 INFO o.a.j.JMeter: os.version=5.14.0-362.24.1.el9_3.x86_64
2024-03-26 21:27:42,524 INFO o.a.j.JMeter: file.encoding=UTF-8
2024-03-26 21:27:42,525 INFO o.a.j.JMeter: java.awt.headless=null
2024-03-26 21:27:42,525 INFO o.a.j.JMeter: Max memory     =1073741824
2024-03-26 21:27:42,525 INFO o.a.j.JMeter: Available Processors =4
2024-03-26 21:27:42,540 INFO o.a.j.JMeter: Default Locale=English (EN)
2024-03-26 21:27:42,540 INFO o.a.j.JMeter: JMeter  Locale=English (EN)
2024-03-26 21:27:42,540 INFO o.a.j.JMeter: JMeterHome=/home/jefferson/bin/apache-jmeter
2024-03-26 21:27:42,541 INFO o.a.j.JMeter: user.dir  =/home/jefferson/lab/docker/hoje/18032024/FIAP-main/tech_challenge_03/findFoodApi/findfoodback
2024-03-26 21:27:42,541 INFO o.a.j.JMeter: PWD       =/home/jefferson/lab/docker/hoje/18032024/FIAP-main/tech_challenge_03/findFoodApi/findfoodback
2024-03-26 21:27:42,541 INFO o.a.j.JMeter: IP: 127.0.0.1 Name: localhost.localdomain FullName: localhost
2024-03-26 21:27:42,559 INFO o.a.j.JMeter: Loaded icon properties from org/apache/jmeter/images/icon.properties
2024-03-26 21:27:42,860 INFO o.a.j.JMeterGuiLauncher: Setting LAF to: com.github.weisj.darklaf.DarkLaf:com.github.weisj.darklaf.theme.DarculaTheme
2024-03-26 21:27:44,196 INFO o.a.j.r.ClassFinder: Will scan jar /home/jefferson/bin/apache-jmeter/lib/ext/jmeter-plugins-manager-1.10.jar with filter ExtendsClassFilter [parents=[interface org.apache.jmeter.gui.action.Command], inner=false, contains=null, notContains=null]. Consider exposing JMeter plugins via META-INF/services, and add JMeter-Skip-Class-Scanning=true manifest attribute so JMeter can skip classfile scanning
2024-03-26 21:27:44,296 INFO o.a.j.r.ClassFinder: Will scan jar /home/jefferson/bin/apache-jmeter/lib/ext/jmeter-plugins-casutg-2.10.jar with filter ExtendsClassFilter [parents=[interface org.apache.jmeter.gui.action.Command], inner=false, contains=null, notContains=null]. Consider exposing JMeter plugins via META-INF/services, and add JMeter-Skip-Class-Scanning=true manifest attribute so JMeter can skip classfile scanning
2024-03-26 21:27:44,373 INFO o.a.j.r.ClassFinder: Will scan jar /home/jefferson/bin/apache-jmeter/lib/ext/jmeter-plugins-manager-1.10.jar with filter ExtendsClassFilter [parents=[interface org.apache.jmeter.gui.plugin.MenuCreator], inner=false, contains=null, notContains=null]. Consider exposing JMeter plugins via META-INF/services, and add JMeter-Skip-Class-Scanning=true manifest attribute so JMeter can skip classfile scanning
2024-03-26 21:27:44,377 INFO o.a.j.r.ClassFinder: Will scan jar /home/jefferson/bin/apache-jmeter/lib/ext/jmeter-plugins-casutg-2.10.jar with filter ExtendsClassFilter [parents=[interface org.apache.jmeter.gui.plugin.MenuCreator], inner=false, contains=null, notContains=null]. Consider exposing JMeter plugins via META-INF/services, and add JMeter-Skip-Class-Scanning=true manifest attribute so JMeter can skip classfile scanning
2024-03-26 21:27:44,511 INFO o.j.r.JARSourceHTTP: Found cached repo
2024-03-26 21:27:44,864 INFO o.j.r.PluginManager: Plugins Status: [jpgc-casutg=2.10, jpgc-plugins-manager=1.10, jmeter-core=5.6.3, jmeter-ftp=5.6.3, jmeter-http=5.6.3, jmeter-jdbc=5.6.3, jmeter-jms=5.6.3, jmeter-junit=5.6.3, jmeter-java=5.6.3, jmeter-ldap=5.6.3, jmeter-mail=5.6.3, jmeter-mongodb=5.6.3, jmeter-native=5.6.3, jmeter-tcp=5.6.3, jmeter-components=5.6.3]
2024-03-26 21:28:00,261 INFO o.a.j.s.FileServer: Default base='/home/jefferson/lab/docker/hoje/18032024/FIAP-main/tech_challenge_03/findFoodApi/findfoodback'
2024-03-26 21:28:00,265 INFO o.a.j.g.a.Load: Loading file: /home/jefferson/lab/docker/hoje/18032024/FIAP-main/tech_challenge_03/findFoodApi/findfoodback/src/test/jmeter/findfoodback.jmx
2024-03-26 21:28:00,266 INFO o.a.j.s.FileServer: Set new base='/home/jefferson/lab/docker/hoje/18032024/FIAP-main/tech_challenge_03/findFoodApi/findfoodback/src/test/jmeter'
2024-03-26 21:28:00,536 INFO o.a.j.s.SaveService: Testplan (JMX) version: 2.2. Testlog (JTL) version: 2.2
2024-03-26 21:28:00,556 INFO o.a.j.s.SaveService: Using SaveService properties version 5.0
2024-03-26 21:28:00,560 INFO o.a.j.s.SaveService: Using SaveService properties file encoding UTF-8
2024-03-26 21:28:00,563 INFO o.a.j.s.SaveService: Loading file: /home/jefferson/lab/docker/hoje/18032024/FIAP-main/tech_challenge_03/findFoodApi/findfoodback/src/test/jmeter/findfoodback.jmx
2024-03-26 21:28:00,718 INFO o.a.j.p.h.c.CookieManager: Settings: Delete null: true Check: true Allow variable: true Save: false Prefix: COOKIE_
2024-03-26 21:28:00,724 INFO o.a.j.p.h.s.HTTPSamplerBase: Parser for text/html is org.apache.jmeter.protocol.http.parser.LagartoBasedHtmlParser
2024-03-26 21:28:00,724 INFO o.a.j.p.h.s.HTTPSamplerBase: Parser for application/xhtml+xml is org.apache.jmeter.protocol.http.parser.LagartoBasedHtmlParser
2024-03-26 21:28:00,724 INFO o.a.j.p.h.s.HTTPSamplerBase: Parser for application/xml is org.apache.jmeter.protocol.http.parser.LagartoBasedHtmlParser
2024-03-26 21:28:00,724 INFO o.a.j.p.h.s.HTTPSamplerBase: Parser for text/xml is org.apache.jmeter.protocol.http.parser.LagartoBasedHtmlParser
2024-03-26 21:28:00,724 INFO o.a.j.p.h.s.HTTPSamplerBase: Parser for text/vnd.wap.wml is org.apache.jmeter.protocol.http.parser.RegexpHTMLParser
2024-03-26 21:28:00,724 INFO o.a.j.p.h.s.HTTPSamplerBase: Parser for text/css is org.apache.jmeter.protocol.http.parser.CssParser
2024-03-26 21:28:01,003 INFO o.a.j.e.u.CompoundVariable: Note: Function class names must contain the string: '.functions.'
2024-03-26 21:28:01,003 INFO o.a.j.e.u.CompoundVariable: Note: Function class names must not contain the string: '.gui.'
2024-03-26 21:28:01,103 INFO o.a.j.r.ClassFinder: Will scan jar /home/jefferson/bin/apache-jmeter/lib/ext/jmeter-plugins-manager-1.10.jar with filter ExtendsClassFilter [parents=[interface org.apache.jmeter.functions.Function], inner=false, contains=null, notContains=null]. Consider exposing JMeter plugins via META-INF/services, and add JMeter-Skip-Class-Scanning=true manifest attribute so JMeter can skip classfile scanning
2024-03-26 21:28:01,110 INFO o.a.j.r.ClassFinder: Will scan jar /home/jefferson/bin/apache-jmeter/lib/ext/jmeter-plugins-casutg-2.10.jar with filter ExtendsClassFilter [parents=[interface org.apache.jmeter.functions.Function], inner=false, contains=null, notContains=null]. Consider exposing JMeter plugins via META-INF/services, and add JMeter-Skip-Class-Scanning=true manifest attribute so JMeter can skip classfile scanning
2024-03-26 21:28:01,379 INFO o.a.j.s.SampleResult: Note: Sample TimeStamps are START times
2024-03-26 21:28:01,380 INFO o.a.j.s.SampleResult: sampleresult.default.encoding is set to UTF-8
2024-03-26 21:28:01,380 INFO o.a.j.s.SampleResult: sampleresult.useNanoTime=true
2024-03-26 21:28:01,380 INFO o.a.j.s.SampleResult: sampleresult.nanoThreadSleep=5000
2024-03-26 21:28:01,518 INFO o.a.j.r.ClassFinder: Will scan jar /home/jefferson/bin/apache-jmeter/lib/ext/jmeter-plugins-manager-1.10.jar with filter ExtendsClassFilter [parents=[interface org.apache.jmeter.visualizers.ResultRenderer], inner=false, contains=null, notContains=null]. Consider exposing JMeter plugins via META-INF/services, and add JMeter-Skip-Class-Scanning=true manifest attribute so JMeter can skip classfile scanning
2024-03-26 21:28:01,521 INFO o.a.j.r.ClassFinder: Will scan jar /home/jefferson/bin/apache-jmeter/lib/ext/jmeter-plugins-casutg-2.10.jar with filter ExtendsClassFilter [parents=[interface org.apache.jmeter.visualizers.ResultRenderer], inner=false, contains=null, notContains=null]. Consider exposing JMeter plugins via META-INF/services, and add JMeter-Skip-Class-Scanning=true manifest attribute so JMeter can skip classfile scanning
2024-03-26 21:28:01,546 INFO o.a.j.r.ClassFinder: Will scan jar /home/jefferson/bin/apache-jmeter/lib/ext/jmeter-plugins-manager-1.10.jar with filter ExtendsClassFilter [parents=[interface org.apache.jmeter.visualizers.RequestView], inner=false, contains=null, notContains=null]. Consider exposing JMeter plugins via META-INF/services, and add JMeter-Skip-Class-Scanning=true manifest attribute so JMeter can skip classfile scanning
2024-03-26 21:28:01,549 INFO o.a.j.r.ClassFinder: Will scan jar /home/jefferson/bin/apache-jmeter/lib/ext/jmeter-plugins-casutg-2.10.jar with filter ExtendsClassFilter [parents=[interface org.apache.jmeter.visualizers.RequestView], inner=false, contains=null, notContains=null]. Consider exposing JMeter plugins via META-INF/services, and add JMeter-Skip-Class-Scanning=true manifest attribute so JMeter can skip classfile scanning
2024-03-26 21:28:01,682 INFO o.a.j.s.FileServer: Set new base='/home/jefferson/lab/docker/hoje/18032024/FIAP-main/tech_challenge_03/findFoodApi/findfoodback/src/test/jmeter'
2024-03-26 21:30:20,316 INFO o.a.j.e.StandardJMeterEngine: Running the test!
2024-03-26 21:30:20,327 INFO o.a.j.s.SampleEvent: List of sample_variables: []
2024-03-26 21:30:20,327 INFO o.a.j.s.SampleEvent: List of sample_variables: []
2024-03-26 21:30:20,338 INFO o.a.j.g.u.JMeterMenuBar: setRunning(true, *local*)
2024-03-26 21:30:20,412 INFO o.a.j.e.StandardJMeterEngine: Starting ThreadGroup: 1 : Thread Group
2024-03-26 21:30:20,412 INFO o.a.j.e.StandardJMeterEngine: Starting 1 threads for group Thread Group.
2024-03-26 21:30:20,412 INFO o.a.j.e.StandardJMeterEngine: Thread will continue on error
2024-03-26 21:30:20,413 INFO o.a.j.t.ThreadGroup: Starting thread group... number=1 threads=1 ramp-up=1 delayedStart=false
2024-03-26 21:30:20,415 INFO o.a.j.t.ThreadGroup: Started thread group number 1
2024-03-26 21:30:20,415 INFO o.a.j.e.StandardJMeterEngine: All thread groups have been started
2024-03-26 21:30:20,418 INFO o.a.j.t.JMeterThread: Thread started: Thread Group 1-1
2024-03-26 21:30:20,428 INFO o.a.j.p.h.s.HTTPHCAbstractImpl: Local host = localhost.localdomain
2024-03-26 21:30:20,435 INFO o.a.j.p.h.s.HTTPHC4Impl: HTTP request retry count = 0
2024-03-26 21:30:20,497 INFO o.a.j.p.h.s.h.LazyLayeredConnectionSocketFactory: Setting up HTTPS TrustAll Socket Factory
2024-03-26 21:30:20,499 INFO o.a.j.u.JsseSSLManager: Using default SSL protocol: TLS
2024-03-26 21:30:20,499 INFO o.a.j.u.JsseSSLManager: SSL session context: per-thread
2024-03-26 21:30:20,657 INFO o.a.j.u.SSLManager: JmeterKeyStore Location:  type JKS
2024-03-26 21:30:20,658 INFO o.a.j.u.SSLManager: KeyStore created OK
2024-03-26 21:30:20,659 WARN o.a.j.u.SSLManager: Keystore file not found, loading empty keystore
2024-03-26 21:30:25,162 INFO o.a.j.t.JMeterThread: Thread is done: Thread Group 1-1
2024-03-26 21:30:25,162 INFO o.a.j.t.JMeterThread: Thread finished: Thread Group 1-1
2024-03-26 21:30:25,164 INFO o.a.j.e.StandardJMeterEngine: Notifying test listeners of end of test
2024-03-26 21:30:25,164 INFO o.a.j.g.u.JMeterMenuBar: setRunning(false, *local*)
2024-03-26 21:31:23,006 INFO o.a.j.e.StandardJMeterEngine: Running the test!
2024-03-26 21:31:23,007 INFO o.a.j.s.SampleEvent: List of sample_variables: []
2024-03-26 21:31:23,009 INFO o.a.j.g.u.JMeterMenuBar: setRunning(true, *local*)
2024-03-26 21:31:23,014 INFO o.a.j.e.StandardJMeterEngine: Starting ThreadGroup: 1 : Thread Group
2024-03-26 21:31:23,014 INFO o.a.j.e.StandardJMeterEngine: Starting 100 threads for group Thread Group.
2024-03-26 21:31:23,014 INFO o.a.j.e.StandardJMeterEngine: Thread will continue on error
2024-03-26 21:31:23,015 INFO o.a.j.t.ThreadGroup: Starting thread group... number=1 threads=100 ramp-up=10 delayedStart=false
2024-03-26 21:31:23,021 INFO o.a.j.t.JMeterThread: Thread started: Thread Group 1-1
2024-03-26 21:31:23,123 INFO o.a.j.t.JMeterThread: Thread started: Thread Group 1-2
2024-03-26 21:31:23,158 INFO o.a.j.t.ThreadGroup: Started thread group number 1
2024-03-26 21:31:23,159 INFO o.a.j.e.StandardJMeterEngine: All thread groups have been started
2024-03-26 21:31:23,220 INFO o.a.j.t.JMeterThread: Thread started: Thread Group 1-3
2024-03-26 21:31:23,320 INFO o.a.j.t.JMeterThread: Thread started: Thread Group 1-4
2024-03-26 21:31:23,420 INFO o.a.j.t.JMeterThread: Thread started: Thread Group 1-5
2024-03-26 21:31:23,520 INFO o.a.j.t.JMeterThread: Thread started: Thread Group 1-6
2024-03-26 21:31:23,626 INFO o.a.j.t.JMeterThread: Thread started: Thread Group 1-7
2024-03-26 21:31:23,721 INFO o.a.j.t.JMeterThread: Thread started: Thread Group 1-8
2024-03-26 21:31:23,819 INFO o.a.j.t.JMeterThread: Thread started: Thread Group 1-9
2024-03-26 21:31:23,919 INFO o.a.j.t.JMeterThread: Thread started: Thread Group 1-10
2024-03-26 21:31:24,018 INFO o.a.j.t.JMeterThread: Thread started: Thread Group 1-11
2024-03-26 21:31:24,123 INFO o.a.j.t.JMeterThread: Thread started: Thread Group 1-12
2024-03-26 21:31:24,221 INFO o.a.j.t.JMeterThread: Thread started: Thread Group 1-13
2024-03-26 21:31:24,323 INFO o.a.j.t.JMeterThread: Thread started: Thread Group 1-14
2024-03-26 21:31:24,419 INFO o.a.j.t.JMeterThread: Thread started: Thread Group 1-15
2024-03-26 21:31:24,519 INFO o.a.j.t.JMeterThread: Thread started: Thread Group 1-16
2024-03-26 21:31:24,619 INFO o.a.j.t.JMeterThread: Thread started: Thread Group 1-17
2024-03-26 21:31:24,718 INFO o.a.j.t.JMeterThread: Thread started: Thread Group 1-18
2024-03-26 21:31:24,822 INFO o.a.j.t.JMeterThread: Thread started: Thread Group 1-19
2024-03-26 21:31:24,919 INFO o.a.j.t.JMeterThread: Thread started: Thread Group 1-20
2024-03-26 21:31:25,022 INFO o.a.j.t.JMeterThread: Thread started: Thread Group 1-21
2024-03-26 21:31:25,118 INFO o.a.j.t.JMeterThread: Thread started: Thread Group 1-22
2024-03-26 21:31:25,218 INFO o.a.j.t.JMeterThread: Thread started: Thread Group 1-23
2024-03-26 21:31:25,321 INFO o.a.j.t.JMeterThread: Thread started: Thread Group 1-24
2024-03-26 21:31:25,418 INFO o.a.j.t.JMeterThread: Thread started: Thread Group 1-25
2024-03-26 21:31:25,471 INFO o.a.j.t.JMeterThread: Thread is done: Thread Group 1-1
2024-03-26 21:31:25,472 INFO o.a.j.t.JMeterThread: Thread finished: Thread Group 1-1
2024-03-26 21:31:25,519 INFO o.a.j.t.JMeterThread: Thread started: Thread Group 1-26
2024-03-26 21:31:25,542 INFO o.a.j.t.JMeterThread: Thread is done: Thread Group 1-2
2024-03-26 21:31:25,542 INFO o.a.j.t.JMeterThread: Thread finished: Thread Group 1-2
2024-03-26 21:31:25,618 INFO o.a.j.t.JMeterThread: Thread started: Thread Group 1-27
2024-03-26 21:31:25,717 INFO o.a.j.t.JMeterThread: Thread started: Thread Group 1-28
2024-03-26 21:31:25,733 INFO o.a.j.t.JMeterThread: Thread is done: Thread Group 1-4
2024-03-26 21:31:25,733 INFO o.a.j.t.JMeterThread: Thread finished: Thread Group 1-4
2024-03-26 21:31:25,816 INFO o.a.j.t.JMeterThread: Thread started: Thread Group 1-29
2024-03-26 21:31:25,852 INFO o.a.j.t.JMeterThread: Thread is done: Thread Group 1-5
2024-03-26 21:31:25,852 INFO o.a.j.t.JMeterThread: Thread finished: Thread Group 1-5
2024-03-26 21:31:25,919 INFO o.a.j.t.JMeterThread: Thread started: Thread Group 1-30
2024-03-26 21:31:25,931 INFO o.a.j.t.JMeterThread: Thread is done: Thread Group 1-6
2024-03-26 21:31:25,931 INFO o.a.j.t.JMeterThread: Thread finished: Thread Group 1-6
2024-03-26 21:31:26,017 INFO o.a.j.t.JMeterThread: Thread started: Thread Group 1-31
2024-03-26 21:31:26,100 INFO o.a.j.t.JMeterThread: Thread is done: Thread Group 1-8
2024-03-26 21:31:26,101 INFO o.a.j.t.JMeterThread: Thread finished: Thread Group 1-8
2024-03-26 21:31:26,118 INFO o.a.j.t.JMeterThread: Thread started: Thread Group 1-32
2024-03-26 21:31:26,220 INFO o.a.j.t.JMeterThread: Thread started: Thread Group 1-33
2024-03-26 21:31:26,300 INFO o.a.j.t.JMeterThread: Thread is done: Thread Group 1-10
2024-03-26 21:31:26,300 INFO o.a.j.t.JMeterThread: Thread finished: Thread Group 1-10
2024-03-26 21:31:26,318 INFO o.a.j.t.JMeterThread: Thread started: Thread Group 1-34
2024-03-26 21:31:26,393 INFO o.a.j.t.JMeterThread: Thread is done: Thread Group 1-11
2024-03-26 21:31:26,394 INFO o.a.j.t.JMeterThread: Thread finished: Thread Group 1-11
2024-03-26 21:31:26,418 INFO o.a.j.t.JMeterThread: Thread started: Thread Group 1-35
2024-03-26 21:31:26,518 INFO o.a.j.t.JMeterThread: Thread started: Thread Group 1-36
2024-03-26 21:31:26,616 INFO o.a.j.t.JMeterThread: Thread is done: Thread Group 1-13
2024-03-26 21:31:26,616 INFO o.a.j.t.JMeterThread: Thread finished: Thread Group 1-13
2024-03-26 21:31:26,617 INFO o.a.j.t.JMeterThread: Thread started: Thread Group 1-37
2024-03-26 21:31:26,720 INFO o.a.j.t.JMeterThread: Thread started: Thread Group 1-38
2024-03-26 21:31:26,818 INFO o.a.j.t.JMeterThread: Thread started: Thread Group 1-39
2024-03-26 21:31:26,919 INFO o.a.j.t.JMeterThread: Thread started: Thread Group 1-40
2024-03-26 21:31:26,928 INFO o.a.j.t.JMeterThread: Thread is done: Thread Group 1-16
2024-03-26 21:31:26,928 INFO o.a.j.t.JMeterThread: Thread finished: Thread Group 1-16
2024-03-26 21:31:26,947 INFO o.a.j.t.JMeterThread: Thread is done: Thread Group 1-17
2024-03-26 21:31:26,947 INFO o.a.j.t.JMeterThread: Thread finished: Thread Group 1-17
2024-03-26 21:31:27,019 INFO o.a.j.t.JMeterThread: Thread started: Thread Group 1-41
2024-03-26 21:31:27,084 INFO o.a.j.t.JMeterThread: Thread is done: Thread Group 1-18
2024-03-26 21:31:27,084 INFO o.a.j.t.JMeterThread: Thread finished: Thread Group 1-18
2024-03-26 21:31:27,128 INFO o.a.j.t.JMeterThread: Thread started: Thread Group 1-42
2024-03-26 21:31:27,192 INFO o.a.j.t.JMeterThread: Thread is done: Thread Group 1-9
2024-03-26 21:31:27,193 INFO o.a.j.t.JMeterThread: Thread finished: Thread Group 1-9
2024-03-26 21:31:27,224 INFO o.a.j.t.JMeterThread: Thread started: Thread Group 1-43
2024-03-26 21:31:27,245 INFO o.a.j.t.JMeterThread: Thread is done: Thread Group 1-19
2024-03-26 21:31:27,246 INFO o.a.j.t.JMeterThread: Thread finished: Thread Group 1-19
2024-03-26 21:31:27,284 INFO o.a.j.t.JMeterThread: Thread is done: Thread Group 1-20
2024-03-26 21:31:27,284 INFO o.a.j.t.JMeterThread: Thread finished: Thread Group 1-20
2024-03-26 21:31:27,320 INFO o.a.j.t.JMeterThread: Thread started: Thread Group 1-44
2024-03-26 21:31:27,419 INFO o.a.j.t.JMeterThread: Thread started: Thread Group 1-45
2024-03-26 21:31:27,429 INFO o.a.j.t.JMeterThread: Thread is done: Thread Group 1-21
2024-03-26 21:31:27,430 INFO o.a.j.t.JMeterThread: Thread finished: Thread Group 1-21
2024-03-26 21:31:27,518 INFO o.a.j.t.JMeterThread: Thread started: Thread Group 1-46
2024-03-26 21:31:27,580 INFO o.a.j.t.JMeterThread: Thread is done: Thread Group 1-22
2024-03-26 21:31:27,580 INFO o.a.j.t.JMeterThread: Thread finished: Thread Group 1-22
2024-03-26 21:31:27,616 INFO o.a.j.t.JMeterThread: Thread started: Thread Group 1-47
2024-03-26 21:31:27,714 INFO o.a.j.t.JMeterThread: Thread is done: Thread Group 1-24
2024-03-26 21:31:27,714 INFO o.a.j.t.JMeterThread: Thread finished: Thread Group 1-24
2024-03-26 21:31:27,717 INFO o.a.j.t.JMeterThread: Thread started: Thread Group 1-48
2024-03-26 21:31:27,776 INFO o.a.j.t.JMeterThread: Thread is done: Thread Group 1-7
2024-03-26 21:31:27,777 INFO o.a.j.t.JMeterThread: Thread finished: Thread Group 1-7
2024-03-26 21:31:27,816 INFO o.a.j.t.JMeterThread: Thread started: Thread Group 1-49
2024-03-26 21:31:27,864 INFO o.a.j.t.JMeterThread: Thread is done: Thread Group 1-26
2024-03-26 21:31:27,864 INFO o.a.j.t.JMeterThread: Thread finished: Thread Group 1-26
2024-03-26 21:31:27,918 INFO o.a.j.t.JMeterThread: Thread started: Thread Group 1-50
2024-03-26 21:31:27,987 INFO o.a.j.t.JMeterThread: Thread is done: Thread Group 1-25
2024-03-26 21:31:27,987 INFO o.a.j.t.JMeterThread: Thread finished: Thread Group 1-25
2024-03-26 21:31:28,018 INFO o.a.j.t.JMeterThread: Thread started: Thread Group 1-51
2024-03-26 21:31:28,021 INFO o.a.j.t.JMeterThread: Thread is done: Thread Group 1-23
2024-03-26 21:31:28,021 INFO o.a.j.t.JMeterThread: Thread finished: Thread Group 1-23
2024-03-26 21:31:28,023 INFO o.a.j.t.JMeterThread: Thread is done: Thread Group 1-27
2024-03-26 21:31:28,023 INFO o.a.j.t.JMeterThread: Thread finished: Thread Group 1-27
2024-03-26 21:31:28,078 INFO o.a.j.t.JMeterThread: Thread is done: Thread Group 1-3
2024-03-26 21:31:28,078 INFO o.a.j.t.JMeterThread: Thread finished: Thread Group 1-3
2024-03-26 21:31:28,119 INFO o.a.j.t.JMeterThread: Thread started: Thread Group 1-52
2024-03-26 21:31:28,182 INFO o.a.j.t.JMeterThread: Thread is done: Thread Group 1-29
2024-03-26 21:31:28,182 INFO o.a.j.t.JMeterThread: Thread finished: Thread Group 1-29
2024-03-26 21:31:28,218 INFO o.a.j.t.JMeterThread: Thread started: Thread Group 1-53
2024-03-26 21:31:28,246 INFO o.a.j.t.JMeterThread: Thread is done: Thread Group 1-14
2024-03-26 21:31:28,247 INFO o.a.j.t.JMeterThread: Thread finished: Thread Group 1-14
2024-03-26 21:31:28,318 INFO o.a.j.t.JMeterThread: Thread started: Thread Group 1-54
2024-03-26 21:31:28,321 INFO o.a.j.t.JMeterThread: Thread is done: Thread Group 1-30
2024-03-26 21:31:28,321 INFO o.a.j.t.JMeterThread: Thread finished: Thread Group 1-30
2024-03-26 21:31:28,417 INFO o.a.j.t.JMeterThread: Thread started: Thread Group 1-55
2024-03-26 21:31:28,506 INFO o.a.j.t.JMeterThread: Thread is done: Thread Group 1-32
2024-03-26 21:31:28,506 INFO o.a.j.t.JMeterThread: Thread finished: Thread Group 1-32
2024-03-26 21:31:28,517 INFO o.a.j.t.JMeterThread: Thread started: Thread Group 1-56
2024-03-26 21:31:28,604 INFO o.a.j.t.JMeterThread: Thread is done: Thread Group 1-33
2024-03-26 21:31:28,604 INFO o.a.j.t.JMeterThread: Thread finished: Thread Group 1-33
2024-03-26 21:31:28,617 INFO o.a.j.t.JMeterThread: Thread started: Thread Group 1-57
2024-03-26 21:31:28,706 INFO o.a.j.t.JMeterThread: Thread is done: Thread Group 1-34
2024-03-26 21:31:28,706 INFO o.a.j.t.JMeterThread: Thread finished: Thread Group 1-34
2024-03-26 21:31:28,715 INFO o.a.j.t.JMeterThread: Thread is done: Thread Group 1-15
2024-03-26 21:31:28,716 INFO o.a.j.t.JMeterThread: Thread finished: Thread Group 1-15
2024-03-26 21:31:28,717 INFO o.a.j.t.JMeterThread: Thread started: Thread Group 1-58
2024-03-26 21:31:28,761 INFO o.a.j.t.JMeterThread: Thread is done: Thread Group 1-28
2024-03-26 21:31:28,761 INFO o.a.j.t.JMeterThread: Thread finished: Thread Group 1-28
2024-03-26 21:31:28,817 INFO o.a.j.t.JMeterThread: Thread started: Thread Group 1-59
2024-03-26 21:31:28,820 INFO o.a.j.t.JMeterThread: Thread is done: Thread Group 1-35
2024-03-26 21:31:28,820 INFO o.a.j.t.JMeterThread: Thread finished: Thread Group 1-35
2024-03-26 21:31:28,866 INFO o.a.j.t.JMeterThread: Thread is done: Thread Group 1-36
2024-03-26 21:31:28,866 INFO o.a.j.t.JMeterThread: Thread finished: Thread Group 1-36
2024-03-26 21:31:28,916 INFO o.a.j.t.JMeterThread: Thread started: Thread Group 1-60
2024-03-26 21:31:29,017 INFO o.a.j.t.JMeterThread: Thread started: Thread Group 1-61
2024-03-26 21:31:29,054 INFO o.a.j.t.JMeterThread: Thread is done: Thread Group 1-37
2024-03-26 21:31:29,054 INFO o.a.j.t.JMeterThread: Thread finished: Thread Group 1-37
2024-03-26 21:31:29,116 INFO o.a.j.t.JMeterThread: Thread started: Thread Group 1-62
2024-03-26 21:31:29,133 INFO o.a.j.t.JMeterThread: Thread is done: Thread Group 1-38
2024-03-26 21:31:29,133 INFO o.a.j.t.JMeterThread: Thread finished: Thread Group 1-38
2024-03-26 21:31:29,216 INFO o.a.j.t.JMeterThread: Thread started: Thread Group 1-63
2024-03-26 21:31:29,216 INFO o.a.j.t.JMeterThread: Thread is done: Thread Group 1-31
2024-03-26 21:31:29,216 INFO o.a.j.t.JMeterThread: Thread finished: Thread Group 1-31
2024-03-26 21:31:29,293 INFO o.a.j.t.JMeterThread: Thread is done: Thread Group 1-12
2024-03-26 21:31:29,293 INFO o.a.j.t.JMeterThread: Thread finished: Thread Group 1-12
2024-03-26 21:31:29,300 INFO o.a.j.t.JMeterThread: Thread is done: Thread Group 1-40
2024-03-26 21:31:29,300 INFO o.a.j.t.JMeterThread: Thread finished: Thread Group 1-40
2024-03-26 21:31:29,318 INFO o.a.j.t.JMeterThread: Thread started: Thread Group 1-64
2024-03-26 21:31:29,379 INFO o.a.j.t.JMeterThread: Thread is done: Thread Group 1-39
2024-03-26 21:31:29,379 INFO o.a.j.t.JMeterThread: Thread finished: Thread Group 1-39
2024-03-26 21:31:29,419 INFO o.a.j.t.JMeterThread: Thread started: Thread Group 1-65
2024-03-26 21:31:29,470 INFO o.a.j.t.JMeterThread: Thread is done: Thread Group 1-41
2024-03-26 21:31:29,470 INFO o.a.j.t.JMeterThread: Thread finished: Thread Group 1-41
2024-03-26 21:31:29,518 INFO o.a.j.t.JMeterThread: Thread started: Thread Group 1-66
2024-03-26 21:31:29,558 INFO o.a.j.t.JMeterThread: Thread is done: Thread Group 1-42
2024-03-26 21:31:29,560 INFO o.a.j.t.JMeterThread: Thread finished: Thread Group 1-42
2024-03-26 21:31:29,617 INFO o.a.j.t.JMeterThread: Thread started: Thread Group 1-67
2024-03-26 21:31:29,618 INFO o.a.j.t.JMeterThread: Thread is done: Thread Group 1-43
2024-03-26 21:31:29,619 INFO o.a.j.t.JMeterThread: Thread finished: Thread Group 1-43
2024-03-26 21:31:29,717 INFO o.a.j.t.JMeterThread: Thread started: Thread Group 1-68
2024-03-26 21:31:29,735 INFO o.a.j.t.JMeterThread: Thread is done: Thread Group 1-44
2024-03-26 21:31:29,735 INFO o.a.j.t.JMeterThread: Thread finished: Thread Group 1-44
2024-03-26 21:31:29,774 INFO o.a.j.t.JMeterThread: Thread is done: Thread Group 1-45
2024-03-26 21:31:29,774 INFO o.a.j.t.JMeterThread: Thread finished: Thread Group 1-45
2024-03-26 21:31:29,817 INFO o.a.j.t.JMeterThread: Thread started: Thread Group 1-69
2024-03-26 21:31:29,884 INFO o.a.j.t.JMeterThread: Thread is done: Thread Group 1-46
2024-03-26 21:31:29,885 INFO o.a.j.t.JMeterThread: Thread finished: Thread Group 1-46
2024-03-26 21:31:29,916 INFO o.a.j.t.JMeterThread: Thread started: Thread Group 1-70
2024-03-26 21:31:30,016 INFO o.a.j.t.JMeterThread: Thread started: Thread Group 1-71
2024-03-26 21:31:30,041 INFO o.a.j.t.JMeterThread: Thread is done: Thread Group 1-47
2024-03-26 21:31:30,041 INFO o.a.j.t.JMeterThread: Thread finished: Thread Group 1-47
2024-03-26 21:31:30,063 INFO o.a.j.t.JMeterThread: Thread is done: Thread Group 1-48
2024-03-26 21:31:30,063 INFO o.a.j.t.JMeterThread: Thread finished: Thread Group 1-48
2024-03-26 21:31:30,117 INFO o.a.j.t.JMeterThread: Thread started: Thread Group 1-72
2024-03-26 21:31:30,217 INFO o.a.j.t.JMeterThread: Thread started: Thread Group 1-73
2024-03-26 21:31:30,230 INFO o.a.j.t.JMeterThread: Thread is done: Thread Group 1-49
2024-03-26 21:31:30,230 INFO o.a.j.t.JMeterThread: Thread finished: Thread Group 1-49
2024-03-26 21:31:30,319 INFO o.a.j.t.JMeterThread: Thread started: Thread Group 1-74
2024-03-26 21:31:30,351 INFO o.a.j.t.JMeterThread: Thread is done: Thread Group 1-50
2024-03-26 21:31:30,351 INFO o.a.j.t.JMeterThread: Thread finished: Thread Group 1-50
2024-03-26 21:31:30,419 INFO o.a.j.t.JMeterThread: Thread started: Thread Group 1-75
2024-03-26 21:31:30,478 INFO o.a.j.t.JMeterThread: Thread is done: Thread Group 1-51
2024-03-26 21:31:30,478 INFO o.a.j.t.JMeterThread: Thread finished: Thread Group 1-51
2024-03-26 21:31:30,504 INFO o.a.j.t.JMeterThread: Thread is done: Thread Group 1-52
2024-03-26 21:31:30,504 INFO o.a.j.t.JMeterThread: Thread finished: Thread Group 1-52
2024-03-26 21:31:30,518 INFO o.a.j.t.JMeterThread: Thread started: Thread Group 1-76
2024-03-26 21:31:30,617 INFO o.a.j.t.JMeterThread: Thread started: Thread Group 1-77
2024-03-26 21:31:30,717 INFO o.a.j.t.JMeterThread: Thread started: Thread Group 1-78
2024-03-26 21:31:30,816 INFO o.a.j.t.JMeterThread: Thread started: Thread Group 1-79
2024-03-26 21:31:30,873 INFO o.a.j.t.JMeterThread: Thread is done: Thread Group 1-55
2024-03-26 21:31:30,874 INFO o.a.j.t.JMeterThread: Thread finished: Thread Group 1-55
2024-03-26 21:31:30,916 INFO o.a.j.t.JMeterThread: Thread started: Thread Group 1-80
2024-03-26 21:31:31,017 INFO o.a.j.t.JMeterThread: Thread started: Thread Group 1-81
2024-03-26 21:31:31,027 INFO o.a.j.t.JMeterThread: Thread is done: Thread Group 1-56
2024-03-26 21:31:31,027 INFO o.a.j.t.JMeterThread: Thread finished: Thread Group 1-56
2024-03-26 21:31:31,119 INFO o.a.j.t.JMeterThread: Thread started: Thread Group 1-82
2024-03-26 21:31:31,137 INFO o.a.j.t.JMeterThread: Thread is done: Thread Group 1-57
2024-03-26 21:31:31,137 INFO o.a.j.t.JMeterThread: Thread finished: Thread Group 1-57
2024-03-26 21:31:31,193 INFO o.a.j.t.JMeterThread: Thread is done: Thread Group 1-58
2024-03-26 21:31:31,193 INFO o.a.j.t.JMeterThread: Thread finished: Thread Group 1-58
2024-03-26 21:31:31,217 INFO o.a.j.t.JMeterThread: Thread started: Thread Group 1-83
2024-03-26 21:31:31,268 INFO o.a.j.t.JMeterThread: Thread is done: Thread Group 1-59
2024-03-26 21:31:31,268 INFO o.a.j.t.JMeterThread: Thread finished: Thread Group 1-59
2024-03-26 21:31:31,308 INFO o.a.j.t.JMeterThread: Thread is done: Thread Group 1-54
2024-03-26 21:31:31,308 INFO o.a.j.t.JMeterThread: Thread finished: Thread Group 1-54
2024-03-26 21:31:31,317 INFO o.a.j.t.JMeterThread: Thread started: Thread Group 1-84
2024-03-26 21:31:31,418 INFO o.a.j.t.JMeterThread: Thread started: Thread Group 1-85
2024-03-26 21:31:31,438 INFO o.a.j.t.JMeterThread: Thread is done: Thread Group 1-61
2024-03-26 21:31:31,438 INFO o.a.j.t.JMeterThread: Thread finished: Thread Group 1-61
2024-03-26 21:31:31,516 INFO o.a.j.t.JMeterThread: Thread started: Thread Group 1-86
2024-03-26 21:31:31,616 INFO o.a.j.t.JMeterThread: Thread started: Thread Group 1-87
2024-03-26 21:31:31,636 INFO o.a.j.t.JMeterThread: Thread is done: Thread Group 1-63
2024-03-26 21:31:31,637 INFO o.a.j.t.JMeterThread: Thread finished: Thread Group 1-63
2024-03-26 21:31:31,716 INFO o.a.j.t.JMeterThread: Thread started: Thread Group 1-88
2024-03-26 21:31:31,785 INFO o.a.j.t.JMeterThread: Thread is done: Thread Group 1-64
2024-03-26 21:31:31,785 INFO o.a.j.t.JMeterThread: Thread finished: Thread Group 1-64
2024-03-26 21:31:31,816 INFO o.a.j.t.JMeterThread: Thread started: Thread Group 1-89
2024-03-26 21:31:31,916 INFO o.a.j.t.JMeterThread: Thread started: Thread Group 1-90
2024-03-26 21:31:32,017 INFO o.a.j.t.JMeterThread: Thread started: Thread Group 1-91
2024-03-26 21:31:32,116 INFO o.a.j.t.JMeterThread: Thread started: Thread Group 1-92
2024-03-26 21:31:32,216 INFO o.a.j.t.JMeterThread: Thread started: Thread Group 1-93
2024-03-26 21:31:32,317 INFO o.a.j.t.JMeterThread: Thread started: Thread Group 1-94
2024-03-26 21:31:32,334 INFO o.a.j.t.JMeterThread: Thread is done: Thread Group 1-68
2024-03-26 21:31:32,334 INFO o.a.j.t.JMeterThread: Thread finished: Thread Group 1-68
2024-03-26 21:31:32,390 INFO o.a.j.t.JMeterThread: Thread is done: Thread Group 1-69
2024-03-26 21:31:32,390 INFO o.a.j.t.JMeterThread: Thread finished: Thread Group 1-69
2024-03-26 21:31:32,395 INFO o.a.j.t.JMeterThread: Thread is done: Thread Group 1-67
2024-03-26 21:31:32,395 INFO o.a.j.t.JMeterThread: Thread finished: Thread Group 1-67
2024-03-26 21:31:32,416 INFO o.a.j.t.JMeterThread: Thread started: Thread Group 1-95
2024-03-26 21:31:32,499 INFO o.a.j.t.JMeterThread: Thread is done: Thread Group 1-70
2024-03-26 21:31:32,499 INFO o.a.j.t.JMeterThread: Thread finished: Thread Group 1-70
2024-03-26 21:31:32,516 INFO o.a.j.t.JMeterThread: Thread started: Thread Group 1-96
2024-03-26 21:31:32,616 INFO o.a.j.t.JMeterThread: Thread started: Thread Group 1-97
2024-03-26 21:31:32,695 INFO o.a.j.t.JMeterThread: Thread is done: Thread Group 1-65
2024-03-26 21:31:32,695 INFO o.a.j.t.JMeterThread: Thread finished: Thread Group 1-65
2024-03-26 21:31:32,709 INFO o.a.j.t.JMeterThread: Thread is done: Thread Group 1-72
2024-03-26 21:31:32,709 INFO o.a.j.t.JMeterThread: Thread finished: Thread Group 1-72
2024-03-26 21:31:32,716 INFO o.a.j.t.JMeterThread: Thread started: Thread Group 1-98
2024-03-26 21:31:32,817 INFO o.a.j.t.JMeterThread: Thread started: Thread Group 1-99
2024-03-26 21:31:32,853 INFO o.a.j.t.JMeterThread: Thread is done: Thread Group 1-73
2024-03-26 21:31:32,853 INFO o.a.j.t.JMeterThread: Thread finished: Thread Group 1-73
2024-03-26 21:31:32,917 INFO o.a.j.t.JMeterThread: Thread started: Thread Group 1-100
2024-03-26 21:31:33,103 INFO o.a.j.t.JMeterThread: Thread is done: Thread Group 1-75
2024-03-26 21:31:33,103 INFO o.a.j.t.JMeterThread: Thread finished: Thread Group 1-75
2024-03-26 21:31:33,109 INFO o.a.j.t.JMeterThread: Thread is done: Thread Group 1-76
2024-03-26 21:31:33,110 INFO o.a.j.t.JMeterThread: Thread finished: Thread Group 1-76
2024-03-26 21:31:33,281 INFO o.a.j.t.JMeterThread: Thread is done: Thread Group 1-71
2024-03-26 21:31:33,281 INFO o.a.j.t.JMeterThread: Thread finished: Thread Group 1-71
2024-03-26 21:31:33,410 INFO o.a.j.t.JMeterThread: Thread is done: Thread Group 1-79
2024-03-26 21:31:33,410 INFO o.a.j.t.JMeterThread: Thread finished: Thread Group 1-79
2024-03-26 21:31:33,442 INFO o.a.j.t.JMeterThread: Thread is done: Thread Group 1-53
2024-03-26 21:31:33,442 INFO o.a.j.t.JMeterThread: Thread finished: Thread Group 1-53
2024-03-26 21:31:33,612 INFO o.a.j.t.JMeterThread: Thread is done: Thread Group 1-80
2024-03-26 21:31:33,612 INFO o.a.j.t.JMeterThread: Thread finished: Thread Group 1-80
2024-03-26 21:31:33,749 INFO o.a.j.t.JMeterThread: Thread is done: Thread Group 1-74
2024-03-26 21:31:33,749 INFO o.a.j.t.JMeterThread: Thread is done: Thread Group 1-78
2024-03-26 21:31:33,749 INFO o.a.j.t.JMeterThread: Thread finished: Thread Group 1-74
2024-03-26 21:31:33,749 INFO o.a.j.t.JMeterThread: Thread finished: Thread Group 1-78
2024-03-26 21:31:33,788 INFO o.a.j.t.JMeterThread: Thread is done: Thread Group 1-82
2024-03-26 21:31:33,788 INFO o.a.j.t.JMeterThread: Thread finished: Thread Group 1-82
2024-03-26 21:31:33,816 INFO o.a.j.t.JMeterThread: Thread is done: Thread Group 1-83
2024-03-26 21:31:33,816 INFO o.a.j.t.JMeterThread: Thread finished: Thread Group 1-83
2024-03-26 21:31:33,917 INFO o.a.j.t.JMeterThread: Thread is done: Thread Group 1-60
2024-03-26 21:31:33,917 INFO o.a.j.t.JMeterThread: Thread finished: Thread Group 1-60
2024-03-26 21:31:33,993 INFO o.a.j.t.JMeterThread: Thread is done: Thread Group 1-85
2024-03-26 21:31:33,993 INFO o.a.j.t.JMeterThread: Thread finished: Thread Group 1-85
2024-03-26 21:31:34,110 INFO o.a.j.t.JMeterThread: Thread is done: Thread Group 1-84
2024-03-26 21:31:34,110 INFO o.a.j.t.JMeterThread: Thread finished: Thread Group 1-84
2024-03-26 21:31:34,122 INFO o.a.j.t.JMeterThread: Thread is done: Thread Group 1-87
2024-03-26 21:31:34,122 INFO o.a.j.t.JMeterThread: Thread finished: Thread Group 1-87
2024-03-26 21:31:34,242 INFO o.a.j.t.JMeterThread: Thread is done: Thread Group 1-86
2024-03-26 21:31:34,242 INFO o.a.j.t.JMeterThread: Thread finished: Thread Group 1-86
2024-03-26 21:31:34,291 INFO o.a.j.t.JMeterThread: Thread is done: Thread Group 1-88
2024-03-26 21:31:34,291 INFO o.a.j.t.JMeterThread: Thread finished: Thread Group 1-88
2024-03-26 21:31:34,318 INFO o.a.j.t.JMeterThread: Thread is done: Thread Group 1-62
2024-03-26 21:31:34,318 INFO o.a.j.t.JMeterThread: Thread finished: Thread Group 1-62
2024-03-26 21:31:34,587 INFO o.a.j.t.JMeterThread: Thread is done: Thread Group 1-92
2024-03-26 21:31:34,587 INFO o.a.j.t.JMeterThread: Thread finished: Thread Group 1-92
2024-03-26 21:31:34,603 INFO o.a.j.t.JMeterThread: Thread is done: Thread Group 1-90
2024-03-26 21:31:34,603 INFO o.a.j.t.JMeterThread: Thread finished: Thread Group 1-90
2024-03-26 21:31:34,635 INFO o.a.j.t.JMeterThread: Thread is done: Thread Group 1-93
2024-03-26 21:31:34,635 INFO o.a.j.t.JMeterThread: Thread finished: Thread Group 1-93
2024-03-26 21:31:34,745 INFO o.a.j.t.JMeterThread: Thread is done: Thread Group 1-66
2024-03-26 21:31:34,746 INFO o.a.j.t.JMeterThread: Thread finished: Thread Group 1-66
2024-03-26 21:31:34,772 INFO o.a.j.t.JMeterThread: Thread is done: Thread Group 1-81
2024-03-26 21:31:34,772 INFO o.a.j.t.JMeterThread: Thread finished: Thread Group 1-81
2024-03-26 21:31:34,853 INFO o.a.j.t.JMeterThread: Thread is done: Thread Group 1-77
2024-03-26 21:31:34,853 INFO o.a.j.t.JMeterThread: Thread finished: Thread Group 1-77
2024-03-26 21:31:34,902 INFO o.a.j.t.JMeterThread: Thread is done: Thread Group 1-94
2024-03-26 21:31:34,903 INFO o.a.j.t.JMeterThread: Thread finished: Thread Group 1-94
2024-03-26 21:31:34,979 INFO o.a.j.t.JMeterThread: Thread is done: Thread Group 1-95
2024-03-26 21:31:34,979 INFO o.a.j.t.JMeterThread: Thread finished: Thread Group 1-95
2024-03-26 21:31:35,206 INFO o.a.j.t.JMeterThread: Thread is done: Thread Group 1-99
2024-03-26 21:31:35,206 INFO o.a.j.t.JMeterThread: Thread finished: Thread Group 1-99
2024-03-26 21:31:35,322 INFO o.a.j.t.JMeterThread: Thread is done: Thread Group 1-98
2024-03-26 21:31:35,322 INFO o.a.j.t.JMeterThread: Thread finished: Thread Group 1-98
2024-03-26 21:31:35,395 INFO o.a.j.t.JMeterThread: Thread is done: Thread Group 1-97
2024-03-26 21:31:35,396 INFO o.a.j.t.JMeterThread: Thread finished: Thread Group 1-97
2024-03-26 21:31:35,555 INFO o.a.j.t.JMeterThread: Thread is done: Thread Group 1-100
2024-03-26 21:31:35,555 INFO o.a.j.t.JMeterThread: Thread finished: Thread Group 1-100
2024-03-26 21:31:36,318 INFO o.a.j.t.JMeterThread: Thread is done: Thread Group 1-89
2024-03-26 21:31:36,319 INFO o.a.j.t.JMeterThread: Thread finished: Thread Group 1-89
2024-03-26 21:31:36,606 INFO o.a.j.t.JMeterThread: Thread is done: Thread Group 1-91
2024-03-26 21:31:36,606 INFO o.a.j.t.JMeterThread: Thread finished: Thread Group 1-91
2024-03-26 21:31:37,928 INFO o.a.j.t.JMeterThread: Thread is done: Thread Group 1-96
2024-03-26 21:31:37,929 INFO o.a.j.t.JMeterThread: Thread finished: Thread Group 1-96
2024-03-26 21:31:37,929 INFO o.a.j.e.StandardJMeterEngine: Notifying test listeners of end of test
2024-03-26 21:31:37,930 INFO o.a.j.g.u.JMeterMenuBar: setRunning(false, *local*)
2024-03-26 21:34:13,125 INFO o.a.j.e.StandardJMeterEngine: Running the test!
2024-03-26 21:34:13,125 INFO o.a.j.s.SampleEvent: List of sample_variables: []
2024-03-26 21:34:13,128 INFO o.a.j.g.u.JMeterMenuBar: setRunning(true, *local*)
2024-03-26 21:34:13,138 INFO o.a.j.e.StandardJMeterEngine: Starting ThreadGroup: 1 : jp@gc - Stepping Thread Group
2024-03-26 21:34:13,138 INFO o.a.j.e.StandardJMeterEngine: Starting 10 threads for group jp@gc - Stepping Thread Group.
2024-03-26 21:34:13,138 INFO o.a.j.e.StandardJMeterEngine: Thread will continue on error
2024-03-26 21:34:13,138 INFO k.a.j.t.AbstractSimpleThreadGroup: Starting thread group number 1 threads 10
2024-03-26 21:34:13,141 INFO o.a.j.t.JMeterThread: Thread started: jp@gc - Stepping Thread Group 1-1
2024-03-26 21:34:13,171 INFO k.a.j.t.AbstractSimpleThreadGroup: Started thread group number 1
2024-03-26 21:34:13,171 INFO o.a.j.e.StandardJMeterEngine: All thread groups have been started
2024-03-26 21:34:15,138 INFO o.a.j.t.JMeterThread: Thread started: jp@gc - Stepping Thread Group 1-2
2024-03-26 21:34:17,138 INFO o.a.j.t.JMeterThread: Thread started: jp@gc - Stepping Thread Group 1-3
2024-03-26 21:34:19,138 INFO o.a.j.t.JMeterThread: Thread started: jp@gc - Stepping Thread Group 1-4
2024-03-26 21:34:21,139 INFO o.a.j.t.JMeterThread: Thread started: jp@gc - Stepping Thread Group 1-5
2024-03-26 21:34:23,138 INFO o.a.j.t.JMeterThread: Thread started: jp@gc - Stepping Thread Group 1-6
2024-03-26 21:34:25,138 INFO o.a.j.t.JMeterThread: Thread started: jp@gc - Stepping Thread Group 1-7
2024-03-26 21:34:27,138 INFO o.a.j.t.JMeterThread: Thread started: jp@gc - Stepping Thread Group 1-8
2024-03-26 21:34:29,138 INFO o.a.j.t.JMeterThread: Thread started: jp@gc - Stepping Thread Group 1-9
2024-03-26 21:34:31,138 INFO o.a.j.t.JMeterThread: Thread started: jp@gc - Stepping Thread Group 1-10
2024-03-26 21:35:32,271 INFO o.a.j.t.JMeterThread: Stopping because end time detected by thread: jp@gc - Stepping Thread Group 1-1
2024-03-26 21:35:32,272 INFO o.a.j.t.JMeterThread: Thread finished: jp@gc - Stepping Thread Group 1-1
2024-03-26 21:35:33,586 INFO o.a.j.t.JMeterThread: Stopping because end time detected by thread: jp@gc - Stepping Thread Group 1-2
2024-03-26 21:35:33,586 INFO o.a.j.t.JMeterThread: Thread finished: jp@gc - Stepping Thread Group 1-2
2024-03-26 21:35:34,385 INFO o.a.j.t.JMeterThread: Stopping because end time detected by thread: jp@gc - Stepping Thread Group 1-3
2024-03-26 21:35:34,385 INFO o.a.j.t.JMeterThread: Thread finished: jp@gc - Stepping Thread Group 1-3
2024-03-26 21:35:35,248 INFO o.a.j.t.JMeterThread: Stopping because end time detected by thread: jp@gc - Stepping Thread Group 1-4
2024-03-26 21:35:35,249 INFO o.a.j.t.JMeterThread: Thread finished: jp@gc - Stepping Thread Group 1-4
2024-03-26 21:35:36,138 INFO o.a.j.t.JMeterThread: Stopping because end time detected by thread: jp@gc - Stepping Thread Group 1-5
2024-03-26 21:35:36,138 INFO o.a.j.t.JMeterThread: Thread finished: jp@gc - Stepping Thread Group 1-5
2024-03-26 21:35:37,425 INFO o.a.j.t.JMeterThread: Stopping because end time detected by thread: jp@gc - Stepping Thread Group 1-6
2024-03-26 21:35:37,425 INFO o.a.j.t.JMeterThread: Thread finished: jp@gc - Stepping Thread Group 1-6
2024-03-26 21:35:38,246 INFO o.a.j.t.JMeterThread: Stopping because end time detected by thread: jp@gc - Stepping Thread Group 1-7
2024-03-26 21:35:38,247 INFO o.a.j.t.JMeterThread: Thread finished: jp@gc - Stepping Thread Group 1-7
2024-03-26 21:35:39,164 INFO o.a.j.t.JMeterThread: Stopping because end time detected by thread: jp@gc - Stepping Thread Group 1-8
2024-03-26 21:35:39,164 INFO o.a.j.t.JMeterThread: Thread finished: jp@gc - Stepping Thread Group 1-8
2024-03-26 21:35:40,441 INFO o.a.j.t.JMeterThread: Stopping because end time detected by thread: jp@gc - Stepping Thread Group 1-9
2024-03-26 21:35:40,441 INFO o.a.j.t.JMeterThread: Thread finished: jp@gc - Stepping Thread Group 1-9
2024-03-26 21:35:41,212 INFO o.a.j.t.JMeterThread: Stopping because end time detected by thread: jp@gc - Stepping Thread Group 1-10
2024-03-26 21:35:41,213 INFO o.a.j.t.JMeterThread: Thread finished: jp@gc - Stepping Thread Group 1-10
2024-03-26 21:35:41,213 INFO o.a.j.e.StandardJMeterEngine: Notifying test listeners of end of test
2024-03-26 21:35:41,213 INFO o.a.j.g.u.JMeterMenuBar: setRunning(false, *local*)
