2024-03-24 22:23:08,116 INFO o.a.j.u.JMeterUtils: Setting Locale to en_US
2024-03-24 22:23:08,141 INFO o.a.j.JMeter: Loading system properties from: system.properties
2024-03-24 22:23:08,142 INFO o.a.j.JMeter: Setting System property: sun.net.http.allowRestrictedHeaders=true
2024-03-24 22:23:08,149 INFO o.a.j.JMeter: Copyright (c) 1998-2022 The Apache Software Foundation
2024-03-24 22:23:08,149 INFO o.a.j.JMeter: Version 5.5
2024-03-24 22:23:08,150 INFO o.a.j.JMeter: java.version=17.0.10
2024-03-24 22:23:08,150 INFO o.a.j.JMeter: java.vm.name=OpenJDK 64-Bit Server VM
2024-03-24 22:23:08,150 INFO o.a.j.JMeter: os.name=Linux
2024-03-24 22:23:08,150 INFO o.a.j.JMeter: os.arch=amd64
2024-03-24 22:23:08,150 INFO o.a.j.JMeter: os.version=5.14.0-362.24.1.el9_3.x86_64
2024-03-24 22:23:08,150 INFO o.a.j.JMeter: file.encoding=UTF-8
2024-03-24 22:23:08,150 INFO o.a.j.JMeter: java.awt.headless=true
2024-03-24 22:23:08,150 INFO o.a.j.JMeter: Max memory     =536870912
2024-03-24 22:23:08,151 INFO o.a.j.JMeter: Available Processors =4
2024-03-24 22:23:08,162 INFO o.a.j.JMeter: Default Locale=English (United States)
2024-03-24 22:23:08,163 INFO o.a.j.JMeter: JMeter  Locale=English (United States)
2024-03-24 22:23:08,163 INFO o.a.j.JMeter: JMeterHome=/home/jefferson/lab/docker/hoje/18032024/FIAP-main/tech_challenge_03/findFoodApi/findfoodback/target/99cfa170-b362-46cd-84a5-174650ba7886/jmeter
2024-03-24 22:23:08,163 INFO o.a.j.JMeter: user.dir  =/home/jefferson/lab/docker/hoje/18032024/FIAP-main/tech_challenge_03/findFoodApi/findfoodback/target/99cfa170-b362-46cd-84a5-174650ba7886/jmeter/bin
2024-03-24 22:23:08,163 INFO o.a.j.JMeter: PWD       =/home/jefferson/lab/docker/hoje/18032024/FIAP-main/tech_challenge_03/findFoodApi/findfoodback/target/99cfa170-b362-46cd-84a5-174650ba7886/jmeter/bin
2024-03-24 22:23:08,164 INFO o.a.j.JMeter: IP: 127.0.0.1 Name: localhost.localdomain FullName: localhost
2024-03-24 22:23:08,175 INFO o.a.j.JMeter: Setting property 'jmeter.reportgenerator.outputdir' to:'/home/jefferson/lab/docker/hoje/18032024/FIAP-main/tech_challenge_03/findFoodApi/findfoodback/target/jmeter/reports/findfoodback'
2024-03-24 22:23:08,178 INFO o.a.j.s.FileServer: Default base='/home/jefferson/lab/docker/hoje/18032024/FIAP-main/tech_challenge_03/findFoodApi/findfoodback/target/99cfa170-b362-46cd-84a5-174650ba7886/jmeter/bin'
2024-03-24 22:23:08,179 INFO o.a.j.s.FileServer: Set new base='/home/jefferson/lab/docker/hoje/18032024/FIAP-main/tech_challenge_03/findFoodApi/findfoodback/target/jmeter/testFiles'
2024-03-24 22:23:08,396 INFO o.a.j.s.SaveService: Testplan (JMX) version: 2.2. Testlog (JTL) version: 2.2
2024-03-24 22:23:08,429 INFO o.a.j.s.SaveService: Using SaveService properties version 5.0
2024-03-24 22:23:08,433 INFO o.a.j.s.SaveService: Using SaveService properties file encoding UTF-8
2024-03-24 22:23:08,437 INFO o.a.j.s.SaveService: Loading file: /home/jefferson/lab/docker/hoje/18032024/FIAP-main/tech_challenge_03/findFoodApi/findfoodback/target/jmeter/testFiles/findfoodback.jmx
2024-03-24 22:23:08,467 INFO o.a.j.p.h.c.CookieManager: Settings: Delete null: true Check: true Allow variable: true Save: false Prefix: COOKIE_
2024-03-24 22:23:08,489 INFO o.a.j.p.h.s.HTTPSamplerBase: Parser for text/html is org.apache.jmeter.protocol.http.parser.LagartoBasedHtmlParser
2024-03-24 22:23:08,490 INFO o.a.j.p.h.s.HTTPSamplerBase: Parser for application/xhtml+xml is org.apache.jmeter.protocol.http.parser.LagartoBasedHtmlParser
2024-03-24 22:23:08,490 INFO o.a.j.p.h.s.HTTPSamplerBase: Parser for application/xml is org.apache.jmeter.protocol.http.parser.LagartoBasedHtmlParser
2024-03-24 22:23:08,490 INFO o.a.j.p.h.s.HTTPSamplerBase: Parser for text/xml is org.apache.jmeter.protocol.http.parser.LagartoBasedHtmlParser
2024-03-24 22:23:08,490 INFO o.a.j.p.h.s.HTTPSamplerBase: Parser for text/vnd.wap.wml is org.apache.jmeter.protocol.http.parser.RegexpHTMLParser
2024-03-24 22:23:08,490 INFO o.a.j.p.h.s.HTTPSamplerBase: Parser for text/css is org.apache.jmeter.protocol.http.parser.CssParser
2024-03-24 22:23:08,548 INFO o.a.j.JMeter: Creating summariser <summary>
2024-03-24 22:23:08,553 INFO o.a.j.r.d.ReportGenerator: ReportGenerator will use for Parsing the separator: ','
2024-03-24 22:23:08,553 INFO o.a.j.r.d.ReportGenerator: Will generate report at end of test from  results file: /home/jefferson/lab/docker/hoje/18032024/FIAP-main/tech_challenge_03/findFoodApi/findfoodback/target/jmeter/results/20240324-findfoodback.csv
2024-03-24 22:23:08,553 INFO o.a.j.r.d.ReportGenerator: Reading report generator properties from: /home/jefferson/lab/docker/hoje/18032024/FIAP-main/tech_challenge_03/findFoodApi/findfoodback/target/99cfa170-b362-46cd-84a5-174650ba7886/jmeter/bin/reportgenerator.properties
2024-03-24 22:23:08,554 INFO o.a.j.r.d.ReportGenerator: Merging with JMeter properties
2024-03-24 22:23:08,559 INFO o.a.j.r.c.ReportGeneratorConfiguration: Property 'jmeter.reportgenerator.temp_dir' not found, using default value 'temp' instead.
2024-03-24 22:23:08,564 INFO o.a.j.r.c.ReportGeneratorConfiguration: Property 'jmeter.reportgenerator.apdex_per_transaction' not found, using default value 'null' instead.
2024-03-24 22:23:08,565 INFO o.a.j.r.c.ReportGeneratorConfiguration: apdex_per_transaction is empty, not APDEX per transaction customization
2024-03-24 22:23:08,565 INFO o.a.j.r.c.ReportGeneratorConfiguration: Property 'jmeter.reportgenerator.sample_filter' not found, using default value 'null' instead.
2024-03-24 22:23:08,565 INFO o.a.j.r.c.ReportGeneratorConfiguration: Property 'jmeter.reportgenerator.report_title' not found, using default value 'null' instead.
2024-03-24 22:23:08,565 INFO o.a.j.r.c.ReportGeneratorConfiguration: Property 'jmeter.reportgenerator.start_date' not found, using default value 'null' instead.
2024-03-24 22:23:08,565 INFO o.a.j.r.c.ReportGeneratorConfiguration: Property 'jmeter.reportgenerator.end_date' not found, using default value 'null' instead.
2024-03-24 22:23:08,566 INFO o.a.j.r.c.ReportGeneratorConfiguration: Property 'jmeter.reportgenerator.date_format' not found, using default value 'null' instead.
2024-03-24 22:23:08,573 INFO o.a.j.r.c.ReportGeneratorConfiguration: Will use date range start date: null, end date: null
2024-03-24 22:23:08,578 INFO o.a.j.r.c.ReportGeneratorConfiguration: Property 'jmeter.reportgenerator.graph.totalTPS.exclude_controllers' not found, using default value 'false' instead.
2024-03-24 22:23:08,578 INFO o.a.j.r.c.ReportGeneratorConfiguration: Property 'jmeter.reportgenerator.graph.activeThreadsOverTime.exclude_controllers' not found, using default value 'false' instead.
2024-03-24 22:23:08,579 INFO o.a.j.r.c.ReportGeneratorConfiguration: Property 'jmeter.reportgenerator.graph.timeVsThreads.exclude_controllers' not found, using default value 'false' instead.
2024-03-24 22:23:08,579 INFO o.a.j.r.c.ReportGeneratorConfiguration: Property 'jmeter.reportgenerator.graph.responseTimeDistribution.exclude_controllers' not found, using default value 'false' instead.
2024-03-24 22:23:08,579 INFO o.a.j.r.c.ReportGeneratorConfiguration: Property 'jmeter.reportgenerator.graph.transactionsPerSecond.exclude_controllers' not found, using default value 'false' instead.
2024-03-24 22:23:08,579 INFO o.a.j.r.c.ReportGeneratorConfiguration: Property 'jmeter.reportgenerator.graph.responseTimePercentiles.exclude_controllers' not found, using default value 'false' instead.
2024-03-24 22:23:08,580 INFO o.a.j.r.c.ReportGeneratorConfiguration: Property 'jmeter.reportgenerator.graph.responseTimePercentilesOverTime.exclude_controllers' not found, using default value 'false' instead.
2024-03-24 22:23:08,580 INFO o.a.j.r.c.ReportGeneratorConfiguration: Property 'jmeter.reportgenerator.graph.responseTimesOverTime.exclude_controllers' not found, using default value 'false' instead.
2024-03-24 22:23:08,580 INFO o.a.j.r.c.ReportGeneratorConfiguration: Property 'jmeter.reportgenerator.graph.connectTimeOverTime.exclude_controllers' not found, using default value 'false' instead.
2024-03-24 22:23:08,580 INFO o.a.j.r.c.ReportGeneratorConfiguration: Property 'jmeter.reportgenerator.graph.latenciesOverTime.exclude_controllers' not found, using default value 'false' instead.
2024-03-24 22:23:08,581 INFO o.a.j.r.c.ReportGeneratorConfiguration: Property 'jmeter.reportgenerator.exporter.json.filters_only_sample_series' not found, using default value 'true' instead.
2024-03-24 22:23:08,581 INFO o.a.j.r.c.ReportGeneratorConfiguration: Property 'jmeter.reportgenerator.exporter.json.series_filter' not found, using default value '' instead.
2024-03-24 22:23:08,582 INFO o.a.j.r.c.ReportGeneratorConfiguration: Property 'jmeter.reportgenerator.exporter.json.show_controllers_only' not found, using default value 'false' instead.
2024-03-24 22:23:08,582 INFO o.a.j.r.c.ReportGeneratorConfiguration: Property 'jmeter.reportgenerator.exporter.html.filters_only_sample_series' not found, using default value 'true' instead.
2024-03-24 22:23:08,582 INFO o.a.j.r.c.ReportGeneratorConfiguration: Property 'jmeter.reportgenerator.exporter.html.series_filter' not found, using default value '' instead.
2024-03-24 22:23:08,582 INFO o.a.j.r.c.ReportGeneratorConfiguration: Property 'jmeter.reportgenerator.exporter.html.show_controllers_only' not found, using default value 'false' instead.
2024-03-24 22:23:08,601 INFO o.a.j.e.StandardJMeterEngine: Running the test!
2024-03-24 22:23:08,604 INFO o.a.j.s.SampleEvent: List of sample_variables: []
2024-03-24 22:23:08,605 INFO o.a.j.s.SampleEvent: List of sample_variables: []
2024-03-24 22:23:08,614 INFO o.a.j.e.u.CompoundVariable: Note: Function class names must contain the string: '.functions.'
2024-03-24 22:23:08,614 INFO o.a.j.e.u.CompoundVariable: Note: Function class names must not contain the string: '.gui.'
2024-03-24 22:23:08,728 INFO o.a.j.JMeter: Running test (1711329788728)
2024-03-24 22:23:08,752 INFO o.a.j.e.StandardJMeterEngine: Starting ThreadGroup: 1 : jp@gc - Stepping Thread Group
2024-03-24 22:23:08,752 INFO o.a.j.e.StandardJMeterEngine: Starting 10 threads for group jp@gc - Stepping Thread Group.
2024-03-24 22:23:08,752 INFO o.a.j.e.StandardJMeterEngine: Thread will continue on error
2024-03-24 22:23:08,752 INFO k.a.j.t.AbstractSimpleThreadGroup: Starting thread group number 1 threads 10
2024-03-24 22:23:08,763 INFO o.a.j.t.JMeterThread: Thread started: jp@gc - Stepping Thread Group 1-1
2024-03-24 22:23:08,783 INFO k.a.j.t.AbstractSimpleThreadGroup: Started thread group number 1
2024-03-24 22:23:08,783 INFO o.a.j.e.StandardJMeterEngine: All thread groups have been started
2024-03-24 22:23:08,793 INFO o.a.j.p.h.s.HTTPHCAbstractImpl: Local host = localhost.localdomain
2024-03-24 22:23:08,799 INFO o.a.j.p.h.s.HTTPHC4Impl: HTTP request retry count = 0
2024-03-24 22:23:08,801 INFO o.a.j.s.SampleResult: Note: Sample TimeStamps are START times
2024-03-24 22:23:08,801 INFO o.a.j.s.SampleResult: sampleresult.default.encoding is set to ISO-8859-1
2024-03-24 22:23:08,801 INFO o.a.j.s.SampleResult: sampleresult.useNanoTime=true
2024-03-24 22:23:08,801 INFO o.a.j.s.SampleResult: sampleresult.nanoThreadSleep=5000
2024-03-24 22:23:10,752 INFO o.a.j.t.JMeterThread: Thread started: jp@gc - Stepping Thread Group 1-2
2024-03-24 22:23:12,752 INFO o.a.j.t.JMeterThread: Thread started: jp@gc - Stepping Thread Group 1-3
2024-03-24 22:23:14,752 INFO o.a.j.t.JMeterThread: Thread started: jp@gc - Stepping Thread Group 1-4
2024-03-24 22:23:16,752 INFO o.a.j.t.JMeterThread: Thread started: jp@gc - Stepping Thread Group 1-5
2024-03-24 22:23:18,752 INFO o.a.j.t.JMeterThread: Thread started: jp@gc - Stepping Thread Group 1-6
2024-03-24 22:23:20,752 INFO o.a.j.t.JMeterThread: Thread started: jp@gc - Stepping Thread Group 1-7
2024-03-24 22:23:22,752 INFO o.a.j.t.JMeterThread: Thread started: jp@gc - Stepping Thread Group 1-8
2024-03-24 22:23:22,903 INFO o.a.j.p.h.s.h.LazyLayeredConnectionSocketFactory: Setting up HTTPS TrustAll Socket Factory
2024-03-24 22:23:22,912 INFO o.a.j.u.JsseSSLManager: Using default SSL protocol: TLS
2024-03-24 22:23:22,912 INFO o.a.j.u.JsseSSLManager: SSL session context: per-thread
2024-03-24 22:23:23,170 INFO o.a.j.u.SSLManager: JmeterKeyStore Location:  type JKS
2024-03-24 22:23:23,174 INFO o.a.j.u.SSLManager: KeyStore created OK
2024-03-24 22:23:23,175 WARN o.a.j.u.SSLManager: Keystore file not found, loading empty keystore
2024-03-24 22:23:24,752 INFO o.a.j.t.JMeterThread: Thread started: jp@gc - Stepping Thread Group 1-9
2024-03-24 22:23:26,753 INFO o.a.j.t.JMeterThread: Thread started: jp@gc - Stepping Thread Group 1-10
2024-03-24 22:23:30,013 INFO o.a.j.r.Summariser: summary +    210 in 00:00:21 =    9.9/s Avg:   574 Min:   157 Max: 15909 Err:   127 (60.48%) Active: 10 Started: 10 Finished: 0
2024-03-24 22:23:47,888 INFO o.a.j.t.JMeterThread: Stopping because end time detected by thread: jp@gc - Stepping Thread Group 1-1
2024-03-24 22:23:47,888 INFO o.a.j.t.JMeterThread: Thread finished: jp@gc - Stepping Thread Group 1-1
2024-03-24 22:23:48,854 INFO o.a.j.t.JMeterThread: Stopping because end time detected by thread: jp@gc - Stepping Thread Group 1-2
2024-03-24 22:23:48,854 INFO o.a.j.t.JMeterThread: Thread finished: jp@gc - Stepping Thread Group 1-2
2024-03-24 22:23:50,209 INFO o.a.j.t.JMeterThread: Stopping because end time detected by thread: jp@gc - Stepping Thread Group 1-3
2024-03-24 22:23:50,209 INFO o.a.j.t.JMeterThread: Thread finished: jp@gc - Stepping Thread Group 1-3
2024-03-24 22:23:51,060 INFO o.a.j.t.JMeterThread: Stopping because end time detected by thread: jp@gc - Stepping Thread Group 1-4
2024-03-24 22:23:51,061 INFO o.a.j.t.JMeterThread: Thread finished: jp@gc - Stepping Thread Group 1-4
2024-03-24 22:23:51,890 INFO o.a.j.t.JMeterThread: Stopping because end time detected by thread: jp@gc - Stepping Thread Group 1-5
2024-03-24 22:23:51,891 INFO o.a.j.t.JMeterThread: Thread finished: jp@gc - Stepping Thread Group 1-5
2024-03-24 22:23:53,031 INFO o.a.j.t.JMeterThread: Stopping because end time detected by thread: jp@gc - Stepping Thread Group 1-6
2024-03-24 22:23:53,032 INFO o.a.j.t.JMeterThread: Thread finished: jp@gc - Stepping Thread Group 1-6
2024-03-24 22:23:53,841 INFO o.a.j.t.JMeterThread: Stopping because end time detected by thread: jp@gc - Stepping Thread Group 1-7
2024-03-24 22:23:53,841 INFO o.a.j.t.JMeterThread: Thread finished: jp@gc - Stepping Thread Group 1-7
2024-03-24 22:23:54,848 INFO o.a.j.t.JMeterThread: Stopping because end time detected by thread: jp@gc - Stepping Thread Group 1-8
2024-03-24 22:23:54,849 INFO o.a.j.t.JMeterThread: Thread finished: jp@gc - Stepping Thread Group 1-8
2024-03-24 22:23:59,979 INFO o.a.j.t.JMeterThread: Stopping because end time detected by thread: jp@gc - Stepping Thread Group 1-9
2024-03-24 22:23:59,980 INFO o.a.j.t.JMeterThread: Thread finished: jp@gc - Stepping Thread Group 1-9
2024-03-24 22:23:59,982 INFO o.a.j.t.JMeterThread: Stopping because end time detected by thread: jp@gc - Stepping Thread Group 1-10
2024-03-24 22:23:59,982 INFO o.a.j.t.JMeterThread: Thread finished: jp@gc - Stepping Thread Group 1-10
2024-03-24 22:23:59,983 INFO o.a.j.e.StandardJMeterEngine: Notifying test listeners of end of test
2024-03-24 22:23:59,983 INFO o.a.j.r.Summariser: summary +    959 in 00:00:30 =   32.0/s Avg:   242 Min:   153 Max:  6387 Err:   559 (58.29%) Active: 0 Started: 10 Finished: 10
2024-03-24 22:23:59,984 INFO o.a.j.r.Summariser: summary =   1169 in 00:00:51 =   22.8/s Avg:   302 Min:   153 Max: 15909 Err:   686 (58.68%)
2024-03-24 22:23:59,984 INFO o.a.j.JMeter: Generating Dashboard
2024-03-24 22:23:59,984 INFO o.a.j.r.d.ReportGenerator: Flushing result collector before report Generation
2024-03-24 22:23:59,993 INFO o.a.j.r.p.NormalizerSampleConsumer: Using format, 'ms', to parse timeStamp field
2024-03-24 22:24:00,159 INFO o.a.j.r.p.AbstractSampleConsumer: class org.apache.jmeter.report.processor.AggregateConsumer#stopProducing(): beginDate produced 0 samples
2024-03-24 22:24:00,159 INFO o.a.j.r.p.AbstractSampleConsumer: class org.apache.jmeter.report.processor.AggregateConsumer#stopProducing(): endDate produced 0 samples
2024-03-24 22:24:00,161 INFO o.a.j.r.p.AbstractSampleConsumer: class org.apache.jmeter.report.processor.ApdexSummaryConsumer#stopProducing(): apdexSummary produced 0 samples
2024-03-24 22:24:00,161 INFO o.a.j.r.p.AbstractSampleConsumer: class org.apache.jmeter.report.processor.RequestsSummaryConsumer#stopProducing(): requestsSummary produced 0 samples
2024-03-24 22:24:00,167 INFO o.a.j.r.p.AbstractSampleConsumer: class org.apache.jmeter.report.processor.StatisticsSummaryConsumer#stopProducing(): statisticsSummary produced 0 samples
2024-03-24 22:24:00,169 INFO o.a.j.r.p.AbstractSampleConsumer: class org.apache.jmeter.report.processor.Top5ErrorsBySamplerConsumer#stopProducing(): top5ErrorsBySampler produced 0 samples
2024-03-24 22:24:00,169 INFO o.a.j.r.p.AbstractSampleConsumer: class org.apache.jmeter.report.processor.ErrorsSummaryConsumer#stopProducing(): errorsSummary produced 0 samples
2024-03-24 22:24:00,170 INFO o.a.j.r.p.AbstractSampleConsumer: class org.apache.jmeter.report.processor.graph.impl.HitsPerSecondGraphConsumer#stopProducing(): hitsPerSecond produced 0 samples
2024-03-24 22:24:00,211 INFO o.a.j.r.p.AbstractSampleConsumer: class org.apache.jmeter.report.processor.graph.impl.LatencyVSRequestGraphConsumer#stopProducing(): latencyVsRequest produced 0 samples
2024-03-24 22:24:00,212 INFO o.a.j.r.p.AbstractSampleConsumer: class org.apache.jmeter.report.processor.graph.impl.SyntheticResponseTimeDistributionGraphConsumer#stopProducing(): syntheticResponseTimeDistribution produced 0 samples
2024-03-24 22:24:00,213 INFO o.a.j.r.p.AbstractSampleConsumer: class org.apache.jmeter.report.processor.graph.impl.BytesThroughputGraphConsumer#stopProducing(): bytesThroughputOverTime produced 0 samples
2024-03-24 22:24:00,213 INFO o.a.j.r.p.AbstractSampleConsumer: class org.apache.jmeter.report.processor.graph.impl.CodesPerSecondGraphConsumer#stopProducing(): codesPerSecond produced 0 samples
2024-03-24 22:24:00,245 INFO o.a.j.r.p.AbstractSampleConsumer: class org.apache.jmeter.report.processor.graph.impl.ResponseTimeVSRequestGraphConsumer#stopProducing(): responseTimeVsRequest produced 0 samples
2024-03-24 22:24:00,246 INFO o.a.j.r.p.AbstractSampleConsumer: class org.apache.jmeter.report.processor.FilterConsumer#stopProducing(): startIntervalControlerFilter produced 8183 samples
2024-03-24 22:24:00,246 INFO o.a.j.r.p.AbstractSampleConsumer: class org.apache.jmeter.report.processor.graph.impl.TotalTPSGraphConsumer#stopProducing(): totalTPS produced 0 samples
2024-03-24 22:24:00,246 INFO o.a.j.r.p.AbstractSampleConsumer: class org.apache.jmeter.report.processor.graph.impl.ActiveThreadsGraphConsumer#stopProducing(): activeThreadsOverTime produced 0 samples
2024-03-24 22:24:00,246 INFO o.a.j.r.p.AbstractSampleConsumer: class org.apache.jmeter.report.processor.graph.impl.TimeVSThreadGraphConsumer#stopProducing(): timeVsThreads produced 0 samples
2024-03-24 22:24:00,247 INFO o.a.j.r.p.AbstractSampleConsumer: class org.apache.jmeter.report.processor.graph.impl.ResponseTimeDistributionGraphConsumer#stopProducing(): responseTimeDistribution produced 0 samples
2024-03-24 22:24:00,247 INFO o.a.j.r.p.AbstractSampleConsumer: class org.apache.jmeter.report.processor.graph.impl.TransactionsPerSecondGraphConsumer#stopProducing(): transactionsPerSecond produced 0 samples
2024-03-24 22:24:00,247 INFO o.a.j.r.p.AbstractSampleConsumer: class org.apache.jmeter.report.processor.graph.impl.ResponseTimePercentilesGraphConsumer#stopProducing(): responseTimePercentiles produced 0 samples
2024-03-24 22:24:00,255 INFO o.a.j.r.p.AbstractSampleConsumer: class org.apache.jmeter.report.processor.graph.impl.ResponseTimePercentilesOverTimeGraphConsumer#stopProducing(): responseTimePercentilesOverTime produced 0 samples
2024-03-24 22:24:00,255 INFO o.a.j.r.p.AbstractSampleConsumer: class org.apache.jmeter.report.processor.graph.impl.ResponseTimeOverTimeGraphConsumer#stopProducing(): responseTimesOverTime produced 0 samples
2024-03-24 22:24:00,255 INFO o.a.j.r.p.AbstractSampleConsumer: class org.apache.jmeter.report.processor.graph.impl.ConnectTimeOverTimeGraphConsumer#stopProducing(): connectTimeOverTime produced 0 samples
2024-03-24 22:24:00,256 INFO o.a.j.r.p.AbstractSampleConsumer: class org.apache.jmeter.report.processor.graph.impl.LatencyOverTimeGraphConsumer#stopProducing(): latenciesOverTime produced 0 samples
2024-03-24 22:24:00,256 INFO o.a.j.r.p.AbstractSampleConsumer: class org.apache.jmeter.report.processor.FilterConsumer#stopProducing(): nameFilter produced 17535 samples
2024-03-24 22:24:00,256 INFO o.a.j.r.p.AbstractSampleConsumer: class org.apache.jmeter.report.processor.FilterConsumer#stopProducing(): dateRangeFilter produced 3507 samples
2024-03-24 22:24:00,256 INFO o.a.j.r.p.AbstractSampleConsumer: class org.apache.jmeter.report.processor.NormalizerSampleConsumer#stopProducing(): normalizer produced 1169 samples
2024-03-24 22:24:00,256 INFO o.a.j.r.p.CsvFileSampleSource: produce(): 1169 samples produced in 239ms on channel 0
2024-03-24 22:24:00,257 INFO o.a.j.r.d.ReportGenerator: Exporting data using exporter:'json' of className:'org.apache.jmeter.report.dashboard.JsonExporter'
2024-03-24 22:24:00,400 INFO o.a.j.r.d.JsonExporter: Found data for consumer statisticsSummary in context
2024-03-24 22:24:00,400 INFO o.a.j.r.d.JsonExporter: Creating statistics for overall
2024-03-24 22:24:00,400 INFO o.a.j.r.d.JsonExporter: Creating statistics for other transactions
2024-03-24 22:24:00,401 INFO o.a.j.r.d.JsonExporter: Checking output folder
2024-03-24 22:24:00,401 INFO o.a.j.r.d.JsonExporter: Writing statistics JSON to /home/jefferson/lab/docker/hoje/18032024/FIAP-main/tech_challenge_03/findFoodApi/findfoodback/target/jmeter/reports/findfoodback/statistics.json
2024-03-24 22:24:00,451 INFO o.a.j.r.d.ReportGenerator: Exporting data using exporter:'html' of className:'org.apache.jmeter.report.dashboard.HtmlTemplateExporter'
2024-03-24 22:24:00,453 INFO o.a.j.r.d.HtmlTemplateExporter: Will generate dashboard in folder: /home/jefferson/lab/docker/hoje/18032024/FIAP-main/tech_challenge_03/findFoodApi/findfoodback/target/jmeter/reports/findfoodback
2024-03-24 22:24:00,565 INFO o.a.j.r.d.HtmlTemplateExporter: Report will be generated in: /home/jefferson/lab/docker/hoje/18032024/FIAP-main/tech_challenge_03/findFoodApi/findfoodback/target/jmeter/reports/findfoodback, creating folder structure
2024-03-24 22:24:00,568 INFO o.a.j.r.d.TemplateVisitor: Copying folder from '/home/jefferson/lab/docker/hoje/18032024/FIAP-main/tech_challenge_03/findFoodApi/findfoodback/target/99cfa170-b362-46cd-84a5-174650ba7886/jmeter/bin/report-template' to '/home/jefferson/lab/docker/hoje/18032024/FIAP-main/tech_challenge_03/findFoodApi/findfoodback/target/jmeter/reports/findfoodback', got message: /home/jefferson/lab/docker/hoje/18032024/FIAP-main/tech_challenge_03/findFoodApi/findfoodback/target/jmeter/reports/findfoodback, found non empty folder with following content [/home/jefferson/lab/docker/hoje/18032024/FIAP-main/tech_challenge_03/findFoodApi/findfoodback/target/jmeter/reports/findfoodback/statistics.json], will be ignored
2024-03-24 22:24:00,804 INFO o.a.j.JMeter: Dashboard generated
